Using pre-set license
Built from '2022.3/staging' branch; Version is '2022.3.14f1 (eff2de9070d8) revision 15725278'; Using compiler version '192829333'; Build Type 'Release'
OS: 'Windows 11  (10.0.22631) 64bit Core' Language: 'en' Physical Memory: 15654 MB
BatchMode: 1, IsHumanControllingUs: 0, StartBugReporterOnCrash: 0, Is64bit: 1, IsPro: 1

COMMAND LINE ARGUMENTS:
C:\Program Files\Unity\Hub\Editor\2022.3.14f1\Editor\Unity.exe
-adb2
-batchMode
-noUpm
-name
AssetImportWorker2
-projectPath
C:/Users/bryan/Documents/Rhythm-Based-Flight
-logFile
Logs/AssetImportWorker2.log
-srvPort
58888
Successfully changed project path to: C:/Users/bryan/Documents/Rhythm-Based-Flight
C:/Users/bryan/Documents/Rhythm-Based-Flight
[UnityMemory] Configuration Parameters - Can be set up in boot.config
    "memorysetup-bucket-allocator-granularity=16"
    "memorysetup-bucket-allocator-bucket-count=8"
    "memorysetup-bucket-allocator-block-size=33554432"
    "memorysetup-bucket-allocator-block-count=8"
    "memorysetup-main-allocator-block-size=16777216"
    "memorysetup-thread-allocator-block-size=16777216"
    "memorysetup-gfx-main-allocator-block-size=16777216"
    "memorysetup-gfx-thread-allocator-block-size=16777216"
    "memorysetup-cache-allocator-block-size=4194304"
    "memorysetup-typetree-allocator-block-size=2097152"
    "memorysetup-profiler-bucket-allocator-granularity=16"
    "memorysetup-profiler-bucket-allocator-bucket-count=8"
    "memorysetup-profiler-bucket-allocator-block-size=33554432"
    "memorysetup-profiler-bucket-allocator-block-count=8"
    "memorysetup-profiler-allocator-block-size=16777216"
    "memorysetup-profiler-editor-allocator-block-size=1048576"
    "memorysetup-temp-allocator-size-main=16777216"
    "memorysetup-job-temp-allocator-block-size=2097152"
    "memorysetup-job-temp-allocator-block-size-background=1048576"
    "memorysetup-job-temp-allocator-reduction-small-platforms=262144"
    "memorysetup-allocator-temp-initial-block-size-main=262144"
    "memorysetup-allocator-temp-initial-block-size-worker=262144"
    "memorysetup-temp-allocator-size-background-worker=32768"
    "memorysetup-temp-allocator-size-job-worker=262144"
    "memorysetup-temp-allocator-size-preload-manager=33554432"
    "memorysetup-temp-allocator-size-nav-mesh-worker=65536"
    "memorysetup-temp-allocator-size-audio-worker=65536"
    "memorysetup-temp-allocator-size-cloud-worker=32768"
    "memorysetup-temp-allocator-size-gi-baking-worker=262144"
    "memorysetup-temp-allocator-size-gfx=262144"
Player connection [3508] Host "[IP] 168.192.1.103 [Port] 0 [Flags] 2 [Guid] 2915799576 [EditorId] 2915799576 [Version] 1048832 [Id] WindowsEditor(7,GameJam) [Debug] 1 [PackageName] WindowsEditor [ProjectName] Editor" joined multi-casting on [225.0.0.222:54997]...

Player connection [3508] Host "[IP] 168.192.1.103 [Port] 0 [Flags] 2 [Guid] 2915799576 [EditorId] 2915799576 [Version] 1048832 [Id] WindowsEditor(7,GameJam) [Debug] 1 [PackageName] WindowsEditor [ProjectName] Editor" joined alternative multi-casting on [225.0.0.222:34997]...

[Physics::Module] Initialized MultithreadedJobDispatcher with 15 workers.
Refreshing native plugins compatible for Editor in 11.61 ms, found 3 plugins.
Preloading 0 native plugins for Editor in 0.00 ms.
Initialize engine version: 2022.3.14f1 (eff2de9070d8)
[Subsystems] Discovering subsystems at path C:/Program Files/Unity/Hub/Editor/2022.3.14f1/Editor/Data/Resources/UnitySubsystems
[Subsystems] Discovering subsystems at path C:/Users/bryan/Documents/Rhythm-Based-Flight/Assets
GfxDevice: creating device client; threaded=0; jobified=0
Direct3D:
    Version:  Direct3D 11.0 [level 11.1]
    Renderer: AMD Radeon(TM) Graphics (ID=0x15bf)
    Vendor:   ATI
    VRAM:     7827 MB
    Driver:   31.0.22056.0
Shader 'WFX/Transparent Diffuse': fallback shader 'Particles/Alpha Blended' not found
Shader 'WFX/Transparent Specular': fallback shader 'Particles/Alpha Blended' not found
Initialize mono
Mono path[0] = 'C:/Program Files/Unity/Hub/Editor/2022.3.14f1/Editor/Data/Managed'
Mono path[1] = 'C:/Program Files/Unity/Hub/Editor/2022.3.14f1/Editor/Data/MonoBleedingEdge/lib/mono/unityjit-win32'
Mono config path = 'C:/Program Files/Unity/Hub/Editor/2022.3.14f1/Editor/Data/MonoBleedingEdge/etc'
Using monoOptions --debugger-agent=transport=dt_socket,embedding=1,server=y,suspend=n,address=127.0.0.1:56464
Begin MonoManager ReloadAssembly
Registering precompiled unity dll's ...
Register platform support module: C:/Program Files/Unity/Hub/Editor/2022.3.14f1/Editor/Data/PlaybackEngines/WindowsStandaloneSupport/UnityEditor.WindowsStandalone.Extensions.dll
Registered in 0.007833 seconds.
- Loaded All Assemblies, in  0.743 seconds
Native extension for WindowsStandalone target not found
Mono: successfully reloaded assembly
- Finished resetting the current domain, in  0.698 seconds
Domain Reload Profiling: 1440ms
	BeginReloadAssembly (247ms)
		ExecutionOrderSort (0ms)
		DisableScriptedObjects (0ms)
		BackupInstance (0ms)
		ReleaseScriptingObjects (0ms)
		CreateAndSetChildDomain (2ms)
	RebuildCommonClasses (66ms)
	RebuildNativeTypeToScriptingClass (21ms)
	initialDomainReloadingComplete (88ms)
	LoadAllAssembliesAndSetupDomain (319ms)
		LoadAssemblies (245ms)
		RebuildTransferFunctionScriptingTraits (0ms)
		AnalyzeDomain (316ms)
			TypeCache.Refresh (312ms)
				TypeCache.ScanAssembly (275ms)
			ScanForSourceGeneratedMonoScriptInfo (2ms)
			ResolveRequiredComponents (1ms)
	FinalizeReload (699ms)
		ReleaseScriptCaches (0ms)
		RebuildScriptCaches (0ms)
		SetupLoadedEditorAssemblies (565ms)
			LogAssemblyErrors (0ms)
			InitializePlatformSupportModulesInManaged (18ms)
			SetLoadedEditorAssemblies (19ms)
			RefreshPlugins (0ms)
			BeforeProcessingInitializeOnLoad (8ms)
			ProcessInitializeOnLoadAttributes (348ms)
			ProcessInitializeOnLoadMethodAttributes (172ms)
			AfterProcessingInitializeOnLoad (0ms)
			EditorAssembliesLoaded (0ms)
		ExecutionOrderSort2 (0ms)
		AwakeInstancesAfterBackupRestoration (0ms)
========================================================================
Worker process is ready to serve import requests
Begin MonoManager ReloadAssembly
- Loaded All Assemblies, in  0.861 seconds
Refreshing native plugins compatible for Editor in 4.00 ms, found 3 plugins.
Native extension for WindowsStandalone target not found
Package Manager log level set to [2]
[Package Manager] Server::EnsureServerProcessIsRunning -- launch failed, reason: Unity was launched with the -noUpm command-line argument
[Package Manager] UpmClient::Send -- Unable to send message (not connected to UPM process).
[Package Manager] Cannot connect to Unity Package Manager local server
Mono: successfully reloaded assembly
- Finished resetting the current domain, in  0.993 seconds
Domain Reload Profiling: 1852ms
	BeginReloadAssembly (201ms)
		ExecutionOrderSort (0ms)
		DisableScriptedObjects (8ms)
		BackupInstance (0ms)
		ReleaseScriptingObjects (0ms)
		CreateAndSetChildDomain (27ms)
	RebuildCommonClasses (39ms)
	RebuildNativeTypeToScriptingClass (19ms)
	initialDomainReloadingComplete (62ms)
	LoadAllAssembliesAndSetupDomain (537ms)
		LoadAssemblies (404ms)
		RebuildTransferFunctionScriptingTraits (0ms)
		AnalyzeDomain (246ms)
			TypeCache.Refresh (213ms)
				TypeCache.ScanAssembly (194ms)
			ScanForSourceGeneratedMonoScriptInfo (25ms)
			ResolveRequiredComponents (6ms)
	FinalizeReload (994ms)
		ReleaseScriptCaches (0ms)
		RebuildScriptCaches (0ms)
		SetupLoadedEditorAssemblies (733ms)
			LogAssemblyErrors (0ms)
			InitializePlatformSupportModulesInManaged (7ms)
			SetLoadedEditorAssemblies (7ms)
			RefreshPlugins (0ms)
			BeforeProcessingInitializeOnLoad (92ms)
			ProcessInitializeOnLoadAttributes (567ms)
			ProcessInitializeOnLoadMethodAttributes (50ms)
			AfterProcessingInitializeOnLoad (9ms)
			EditorAssembliesLoaded (0ms)
		ExecutionOrderSort2 (0ms)
		AwakeInstancesAfterBackupRestoration (12ms)
Shader 'WFX/Transparent Specular': fallback shader 'Particles/Alpha Blended' not found
Shader 'WFX/Transparent Diffuse': fallback shader 'Particles/Alpha Blended' not found
Launched and connected shader compiler UnityShaderCompiler.exe after 0.09 seconds
Refreshing native plugins compatible for Editor in 4.92 ms, found 3 plugins.
Preloading 0 native plugins for Editor in 0.00 ms.
Unloading 3303 Unused Serialized files (Serialized files now loaded: 0)
Unloading 45 unused Assets / (130.9 KB). Loaded Objects now: 3783.
Memory consumption went from 144.1 MB to 144.0 MB.
Total: 5.778800 ms (FindLiveObjects: 0.722000 ms CreateObjectMapping: 0.281900 ms MarkObjects: 4.530900 ms  DeleteObjects: 0.241300 ms)

AssetImportParameters requested are different than current active one (requested -> active):
  custom:container-demuxer-ogg: 62fdf1f143b41e24485cea50d1cbac27 -> 
  custom:video-decoder-ogg-theora: a1e56fd34408186e4bbccfd4996cb3dc -> 
  custom:framework-win-MediaFoundation: 216162199b28c13a410421893ffa2e32 -> 
  custom:CustomObjectIndexerAttribute: 756ad292c208cfabdd7b50bc23989ffe -> 
  custom:container-demuxer-webm: 4f35f7cbe854078d1ac9338744f61a02 -> 
  custom:container-muxer-webm: aa71ff27fc2769a1b78a27578f13a17b -> 
  custom:video-decoder-webm-vp8: 9c59270c3fd7afecdb556c50c9e8de78 -> 
  custom:SearchIndexIgnoredProperties: e643bd26f0fe6173181afceb89e7c659 -> 
  custom:AudioImporter_EditorPlatform: d09bf68614088b80899f8185d706f6e7 -> 
  custom:video-encoder-webm-vp8: eb34c28f22e8b96e1ab97ce403110664 -> 
  custom:audio-decoder-ogg-vorbis: bf7c407c2cedff20999df2af8eb42d56 -> 
  custom:audio-encoder-webm-vorbis: bf7c407c2cedff20999df2af8eb42d56 -> 
========================================================================
Received Import Request.
  Time since last request: 227896.331845 seconds.
  path: Assets/JMO Assets/WarFX/Mobile/Textures/Misc/WFXM_T_StretchPalet A8.png
  artifactKey: Guid(bdd7225e9443e81479ea7d5852056dbb) Importer(2089858483,0ecaa5967403d082aa24f35e1b516d23)
Start importing Assets/JMO Assets/WarFX/Mobile/Textures/Misc/WFXM_T_StretchPalet A8.png using Guid(bdd7225e9443e81479ea7d5852056dbb) Importer(2089858483,0ecaa5967403d082aa24f35e1b516d23) Generated GUIDs only implemented for interfaces!
 -> (artifact id: '05e899dc810f6eb73f2f22de9f0c490f') in 0.273188 seconds
Number of updated asset objects reloaded before import = 0
Number of asset objects unloaded after import = 1
========================================================================
Received Import Request.
  Time since last request: 0.000031 seconds.
  path: Assets/JMO Assets/WarFX/Mobile/Textures/MuzzleFlashes/WFXM_T_MF Side RIFLE2 A8.png
  artifactKey: Guid(c1f93861bd2b8a4498997334a868b1a5) Importer(2089858483,0ecaa5967403d082aa24f35e1b516d23)
Start importing Assets/JMO Assets/WarFX/Mobile/Textures/MuzzleFlashes/WFXM_T_MF Side RIFLE2 A8.png using Guid(c1f93861bd2b8a4498997334a868b1a5) Importer(2089858483,0ecaa5967403d082aa24f35e1b516d23) Generated GUIDs only implemented for interfaces!
 -> (artifact id: '5c574533275f259a4dd92ef68ecaeef1') in 0.044562 seconds
Number of updated asset objects reloaded before import = 0
Number of asset objects unloaded after import = 1
========================================================================
Received Import Request.
  Time since last request: 0.000110 seconds.
  path: Assets/Simple Airplane Controller/Terrain data/New Terrain.asset
  artifactKey: Guid(5346383418d98ce4bbae0f68cf1449cd) Importer(2089858483,0ecaa5967403d082aa24f35e1b516d23)
Start importing Assets/Simple Airplane Controller/Terrain data/New Terrain.asset using Guid(5346383418d98ce4bbae0f68cf1449cd) Importer(2089858483,0ecaa5967403d082aa24f35e1b516d23) Generated GUIDs only implemented for interfaces!
 -> (artifact id: '8171cfad6085ed5fee6e9f863a8f7b95') in 0.138948 seconds
Number of updated asset objects reloaded before import = 0
Number of asset objects unloaded after import = 85
========================================================================
Received Import Request.
  Time since last request: 0.000029 seconds.
  path: Assets/JMO Assets/WarFX/_Effects/Bullet Impacts/+ Bullet Hole/WFX_BImpact Sand + Hole.prefab
  artifactKey: Guid(0b24f31f464fa614a84acdeac974ed6b) Importer(2089858483,0ecaa5967403d082aa24f35e1b516d23)
Start importing Assets/JMO Assets/WarFX/_Effects/Bullet Impacts/+ Bullet Hole/WFX_BImpact Sand + Hole.prefab using Guid(0b24f31f464fa614a84acdeac974ed6b) Importer(2089858483,0ecaa5967403d082aa24f35e1b516d23) Generated GUIDs only implemented for interfaces!
 -> (artifact id: 'c8cdf1d8a8efae7d470d61d1592f8268') in 0.188744 seconds
Number of updated asset objects reloaded before import = 0
Number of asset objects unloaded after import = 21
========================================================================
Received Import Request.
  Time since last request: 0.000030 seconds.
  path: Assets/JMO Assets/WarFX/_Effects/Fire/Gray Smoke/WFX_Fire Natural Broad (Gray Smoke).prefab
  artifactKey: Guid(46db5b1dc2de2384da9a75fc063273be) Importer(2089858483,0ecaa5967403d082aa24f35e1b516d23)
Start importing Assets/JMO Assets/WarFX/_Effects/Fire/Gray Smoke/WFX_Fire Natural Broad (Gray Smoke).prefab using Guid(46db5b1dc2de2384da9a75fc063273be) Importer(2089858483,0ecaa5967403d082aa24f35e1b516d23) Generated GUIDs only implemented for interfaces!
 -> (artifact id: '8dc1a29e048ed40011be3d0a71fafb6b') in 0.121224 seconds
Number of updated asset objects reloaded before import = 0
Number of asset objects unloaded after import = 15
========================================================================
Received Import Request.
  Time since last request: 0.000041 seconds.
  path: Assets/JMO Assets/WarFX/Mobile/Textures/MuzzleFlashes/WFXM_T_MF Sparks RIFLE1 A8.tga
  artifactKey: Guid(3ef55c046c7234b46b84192f57507b7d) Importer(2089858483,0ecaa5967403d082aa24f35e1b516d23)
Start importing Assets/JMO Assets/WarFX/Mobile/Textures/MuzzleFlashes/WFXM_T_MF Sparks RIFLE1 A8.tga using Guid(3ef55c046c7234b46b84192f57507b7d) Importer(2089858483,0ecaa5967403d082aa24f35e1b516d23) Generated GUIDs only implemented for interfaces!
 -> (artifact id: '27a5eaa117c5eb3352331fb9956e4f80') in 0.042994 seconds
Number of updated asset objects reloaded before import = 0
Number of asset objects unloaded after import = 1
========================================================================
Received Import Request.
  Time since last request: 0.000057 seconds.
  path: Assets/JMO Assets/WarFX/_Effects/Fire/Black Smoke/WFX_Fire Natural (Black Smoke).prefab
  artifactKey: Guid(a817de05addd7b64faa73b34c74013ce) Importer(2089858483,0ecaa5967403d082aa24f35e1b516d23)
Start importing Assets/JMO Assets/WarFX/_Effects/Fire/Black Smoke/WFX_Fire Natural (Black Smoke).prefab using Guid(a817de05addd7b64faa73b34c74013ce) Importer(2089858483,0ecaa5967403d082aa24f35e1b516d23) Generated GUIDs only implemented for interfaces!
 -> (artifact id: 'ee4de2b345f2e4ae77e9ff1f2e1a858d') in 0.120490 seconds
Number of updated asset objects reloaded before import = 0
Number of asset objects unloaded after import = 15
========================================================================
Received Import Request.
  Time since last request: 0.000030 seconds.
  path: Assets/JMO Assets/WarFX/_Effects/Smoke/Color Variants/WFX_SmokeGrenade AlphaBlend Blue.prefab
  artifactKey: Guid(bc0b2f96facec664db900c70be366a48) Importer(2089858483,0ecaa5967403d082aa24f35e1b516d23)
Start importing Assets/JMO Assets/WarFX/_Effects/Smoke/Color Variants/WFX_SmokeGrenade AlphaBlend Blue.prefab using Guid(bc0b2f96facec664db900c70be366a48) Importer(2089858483,0ecaa5967403d082aa24f35e1b516d23) Generated GUIDs only implemented for interfaces!
 -> (artifact id: '2e3e9df14adc19a1d94eb90c05e587c2') in 0.118630 seconds
Number of updated asset objects reloaded before import = 0
Number of asset objects unloaded after import = 11
========================================================================
Received Import Request.
  Time since last request: 0.000032 seconds.
  path: Assets/JMO Assets/WarFX/_Effects/Smoke/Color Variants/WFX_SmokeGrenade AlphaBlend Green.prefab
  artifactKey: Guid(6a6450d1b39d99545be383e7549fd7d0) Importer(2089858483,0ecaa5967403d082aa24f35e1b516d23)
Start importing Assets/JMO Assets/WarFX/_Effects/Smoke/Color Variants/WFX_SmokeGrenade AlphaBlend Green.prefab using Guid(6a6450d1b39d99545be383e7549fd7d0) Importer(2089858483,0ecaa5967403d082aa24f35e1b516d23) Generated GUIDs only implemented for interfaces!
 -> (artifact id: '9c882672019c8ed1bbab49d67efe4724') in 0.109113 seconds
Number of updated asset objects reloaded before import = 0
Number of asset objects unloaded after import = 11
========================================================================
Received Import Request.
  Time since last request: 0.000043 seconds.
  path: Assets/JMO Assets/WarFX/_Effects/Smoke/Color Variants/WFX_SmokeGrenade Green.prefab
  artifactKey: Guid(298ea2e9f387a124d9ee2b3ac6bb3a23) Importer(2089858483,0ecaa5967403d082aa24f35e1b516d23)
Start importing Assets/JMO Assets/WarFX/_Effects/Smoke/Color Variants/WFX_SmokeGrenade Green.prefab using Guid(298ea2e9f387a124d9ee2b3ac6bb3a23) Importer(2089858483,0ecaa5967403d082aa24f35e1b516d23) Generated GUIDs only implemented for interfaces!
 -> (artifact id: '518fd283e8fe38acef61cfea724907ea') in 0.111524 seconds
Number of updated asset objects reloaded before import = 0
Number of asset objects unloaded after import = 11
========================================================================
Received Import Request.
  Time since last request: 0.000023 seconds.
  path: Assets/JMO Assets/WarFX/_Effects/MuzzleFlashes/4Planes/WFX_MF 4P RIFLE3.prefab
  artifactKey: Guid(f47cb9d88f4bc6c4bb7441e962c2c1a5) Importer(2089858483,0ecaa5967403d082aa24f35e1b516d23)
Start importing Assets/JMO Assets/WarFX/_Effects/MuzzleFlashes/4Planes/WFX_MF 4P RIFLE3.prefab using Guid(f47cb9d88f4bc6c4bb7441e962c2c1a5) Importer(2089858483,0ecaa5967403d082aa24f35e1b516d23) Generated GUIDs only implemented for interfaces!
 -> (artifact id: 'd61b2eb76529b2a026cb5d7d80d241ad') in 0.113511 seconds
Number of updated asset objects reloaded before import = 0
Number of asset objects unloaded after import = 31
========================================================================
Received Import Request.
  Time since last request: 0.000032 seconds.
  path: Assets/JMO Assets/WarFX/_Effects/Fire/No Smoke/WFX_GazFire (No Smoke).prefab
  artifactKey: Guid(ce4491e862939974997f1e487c3ea84b) Importer(2089858483,0ecaa5967403d082aa24f35e1b516d23)
Start importing Assets/JMO Assets/WarFX/_Effects/Fire/No Smoke/WFX_GazFire (No Smoke).prefab using Guid(ce4491e862939974997f1e487c3ea84b) Importer(2089858483,0ecaa5967403d082aa24f35e1b516d23) Generated GUIDs only implemented for interfaces!
 -> (artifact id: '86ab901b768be39817b7b5c03fcd786b') in 0.119286 seconds
Number of updated asset objects reloaded before import = 0
Number of asset objects unloaded after import = 11
========================================================================
Received Import Request.
  Time since last request: 0.000381 seconds.
  path: Assets/JMO Assets/WarFX/_Effects (Mobile)/Fire/Black Smoke/WFXMR_Fire Natural Broad (Black Smoke).prefab
  artifactKey: Guid(fb98c59db5f557e42917111512376ab7) Importer(2089858483,0ecaa5967403d082aa24f35e1b516d23)
Start importing Assets/JMO Assets/WarFX/_Effects (Mobile)/Fire/Black Smoke/WFXMR_Fire Natural Broad (Black Smoke).prefab using Guid(fb98c59db5f557e42917111512376ab7) Importer(2089858483,0ecaa5967403d082aa24f35e1b516d23) Generated GUIDs only implemented for interfaces!
 -> (artifact id: '84466d73a2db9e1438c98fef7135000b') in 0.117514 seconds
Number of updated asset objects reloaded before import = 0
Number of asset objects unloaded after import = 15
========================================================================
Received Import Request.
  Time since last request: 0.000030 seconds.
  path: Assets/JMO Assets/WarFX/_Effects (Mobile)/Fire/Gray Smoke/WFXMR_Fire Natural Broad (Gray Smoke).prefab
  artifactKey: Guid(6653f15cda5958544adcee9813458b88) Importer(2089858483,0ecaa5967403d082aa24f35e1b516d23)
Start importing Assets/JMO Assets/WarFX/_Effects (Mobile)/Fire/Gray Smoke/WFXMR_Fire Natural Broad (Gray Smoke).prefab using Guid(6653f15cda5958544adcee9813458b88) Importer(2089858483,0ecaa5967403d082aa24f35e1b516d23) Generated GUIDs only implemented for interfaces!
 -> (artifact id: '5d3878d84e2cc713c2d21853ef8609a4') in 0.115404 seconds
Number of updated asset objects reloaded before import = 0
Number of asset objects unloaded after import = 15
========================================================================
Received Import Request.
  Time since last request: 0.000030 seconds.
  path: Assets/JMO Assets/WarFX/_Effects (Mobile)/Bullet Impacts/+ Bullet Hole/WFXMR_BImpact SoftBody + Hole.prefab
  artifactKey: Guid(ba261927bb2ae4244b20b0eb77a96415) Importer(2089858483,0ecaa5967403d082aa24f35e1b516d23)
Start importing Assets/JMO Assets/WarFX/_Effects (Mobile)/Bullet Impacts/+ Bullet Hole/WFXMR_BImpact SoftBody + Hole.prefab using Guid(ba261927bb2ae4244b20b0eb77a96415) Importer(2089858483,0ecaa5967403d082aa24f35e1b516d23) Generated GUIDs only implemented for interfaces!
 -> (artifact id: 'adab80ebe0a6b141343f22d4549604aa') in 0.100445 seconds
Number of updated asset objects reloaded before import = 0
Number of asset objects unloaded after import = 21
========================================================================
Received Import Request.
  Time since last request: 0.000032 seconds.
  path: Assets/JMO Assets/WarFX/_Effects (Mobile)/Fire/Black Smoke/WFXMR_Fire SmallFlame (Black Smoke).prefab
  artifactKey: Guid(5a79c272515d52a48b3b71828bfdd401) Importer(2089858483,0ecaa5967403d082aa24f35e1b516d23)
Start importing Assets/JMO Assets/WarFX/_Effects (Mobile)/Fire/Black Smoke/WFXMR_Fire SmallFlame (Black Smoke).prefab using Guid(5a79c272515d52a48b3b71828bfdd401) Importer(2089858483,0ecaa5967403d082aa24f35e1b516d23) Generated GUIDs only implemented for interfaces!
 -> (artifact id: 'e7f846c66595b4b89d767a32ba3d2196') in 0.104160 seconds
Number of updated asset objects reloaded before import = 0
Number of asset objects unloaded after import = 15
========================================================================
Received Import Request.
  Time since last request: 0.000021 seconds.
  path: Assets/TextMesh Pro/Resources/Fonts & Materials/LiberationSans SDF - Fallback.asset
  artifactKey: Guid(2e498d1c8094910479dc3e1b768306a4) Importer(2089858483,0ecaa5967403d082aa24f35e1b516d23)
Start importing Assets/TextMesh Pro/Resources/Fonts & Materials/LiberationSans SDF - Fallback.asset using Guid(2e498d1c8094910479dc3e1b768306a4) Importer(2089858483,0ecaa5967403d082aa24f35e1b516d23) Generated GUIDs only implemented for interfaces!
 -> (artifact id: '3dbb8a14f474a3e2cb6600a48bef1f20') in 0.064106 seconds
Number of updated asset objects reloaded before import = 0
Number of asset objects unloaded after import = 5
========================================================================
Received Import Request.
  Time since last request: 0.000025 seconds.
  path: Assets/JMO Assets/WarFX/_Effects (Mobile)/MuzzleFlashes/FPS/WFXMR_MF FPS RIFLE3.prefab
  artifactKey: Guid(eb8c772b30f37864d80bd845f739aa6c) Importer(2089858483,0ecaa5967403d082aa24f35e1b516d23)
Start importing Assets/JMO Assets/WarFX/_Effects (Mobile)/MuzzleFlashes/FPS/WFXMR_MF FPS RIFLE3.prefab using Guid(eb8c772b30f37864d80bd845f739aa6c) Importer(2089858483,0ecaa5967403d082aa24f35e1b516d23) Generated GUIDs only implemented for interfaces!
 -> (artifact id: '84d1d212fcc1f1d746604a1baf32aaa3') in 0.127327 seconds
Number of updated asset objects reloaded before import = 0
Number of asset objects unloaded after import = 18
========================================================================
Received Import Request.
  Time since last request: 0.000029 seconds.
  path: Assets/JMO Assets/WarFX/_Effects (Mobile)/Fire/No Smoke/WFXMR_GazFire (No Smoke).prefab
  artifactKey: Guid(3df2db25d0e8c43499712fa1808b0960) Importer(2089858483,0ecaa5967403d082aa24f35e1b516d23)
Start importing Assets/JMO Assets/WarFX/_Effects (Mobile)/Fire/No Smoke/WFXMR_GazFire (No Smoke).prefab using Guid(3df2db25d0e8c43499712fa1808b0960) Importer(2089858483,0ecaa5967403d082aa24f35e1b516d23) Generated GUIDs only implemented for interfaces!
 -> (artifact id: 'ca3d74c79cb63d12af25a42fededbf42') in 0.105086 seconds
Number of updated asset objects reloaded before import = 0
Number of asset objects unloaded after import = 11
========================================================================
Received Import Request.
  Time since last request: 0.000036 seconds.
  path: Assets/JMO Assets/WarFX/_Effects (Mobile)/MuzzleFlashes/4Planes/WFXMR_MF 4P RIFLE3.prefab
  artifactKey: Guid(c5946a66b3eec2d479e20b7315b06bf8) Importer(2089858483,0ecaa5967403d082aa24f35e1b516d23)
Start importing Assets/JMO Assets/WarFX/_Effects (Mobile)/MuzzleFlashes/4Planes/WFXMR_MF 4P RIFLE3.prefab using Guid(c5946a66b3eec2d479e20b7315b06bf8) Importer(2089858483,0ecaa5967403d082aa24f35e1b516d23) Generated GUIDs only implemented for interfaces!
 -> (artifact id: 'c3740fe78748a198325ea4a0bd4ad01d') in 0.101196 seconds
Number of updated asset objects reloaded before import = 0
Number of asset objects unloaded after import = 29
========================================================================
Received Import Request.
  Time since last request: 0.000021 seconds.
  path: Assets/JMO Assets/WarFX/_Effects (Mobile)/Fire/No Smoke/WFXMR_Fire SmallFlame (No Smoke).prefab
  artifactKey: Guid(15e8f89070af2684aad3f27c56611515) Importer(2089858483,0ecaa5967403d082aa24f35e1b516d23)
Start importing Assets/JMO Assets/WarFX/_Effects (Mobile)/Fire/No Smoke/WFXMR_Fire SmallFlame (No Smoke).prefab using Guid(15e8f89070af2684aad3f27c56611515) Importer(2089858483,0ecaa5967403d082aa24f35e1b516d23) Generated GUIDs only implemented for interfaces!
 -> (artifact id: '16a5161d6beff9212bbbad19c8ac055e') in 0.099339 seconds
Number of updated asset objects reloaded before import = 0
Number of asset objects unloaded after import = 11
========================================================================
Received Import Request.
  Time since last request: 0.000027 seconds.
  path: Assets/JMO Assets/WarFX/Desktop/Materials/MuzzleFlashes/WFX_M_MF Sparks RIFLE1.mat
  artifactKey: Guid(86b250a0578090746840c6eda8a93c9b) Importer(2089858483,0ecaa5967403d082aa24f35e1b516d23)
Start importing Assets/JMO Assets/WarFX/Desktop/Materials/MuzzleFlashes/WFX_M_MF Sparks RIFLE1.mat using Guid(86b250a0578090746840c6eda8a93c9b) Importer(2089858483,0ecaa5967403d082aa24f35e1b516d23) Generated GUIDs only implemented for interfaces!
 -> (artifact id: '029d868aca90b302cce73cfa3a570964') in 0.040950 seconds
Number of updated asset objects reloaded before import = 0
Number of asset objects unloaded after import = 2
========================================================================
Received Import Request.
  Time since last request: 0.000030 seconds.
  path: Assets/JMO Assets/WarFX/Mobile/Textures/Bullet Holes/WFXM_T_BulletHoles Metal.tga
  artifactKey: Guid(d74d17bdf6b914349b2ab7ed40e9def6) Importer(2089858483,0ecaa5967403d082aa24f35e1b516d23)
Start importing Assets/JMO Assets/WarFX/Mobile/Textures/Bullet Holes/WFXM_T_BulletHoles Metal.tga using Guid(d74d17bdf6b914349b2ab7ed40e9def6) Importer(2089858483,0ecaa5967403d082aa24f35e1b516d23) Generated GUIDs only implemented for interfaces!
 -> (artifact id: 'dc39233778f4c07b8299cd2f174d118d') in 0.047019 seconds
Number of updated asset objects reloaded before import = 0
Number of asset objects unloaded after import = 1
========================================================================
Received Import Request.
  Time since last request: 0.000044 seconds.
  path: Assets/JMO Assets/WarFX/_Effects (Mobile)/Bullet Impacts/+ Bullet Hole/Unlit/WFXMR_BImpact Wood NoCollision + Hole Unlit.prefab
  artifactKey: Guid(ada3e15c23ce1c1439a8ca49c46cda22) Importer(2089858483,0ecaa5967403d082aa24f35e1b516d23)
Start importing Assets/JMO Assets/WarFX/_Effects (Mobile)/Bullet Impacts/+ Bullet Hole/Unlit/WFXMR_BImpact Wood NoCollision + Hole Unlit.prefab using Guid(ada3e15c23ce1c1439a8ca49c46cda22) Importer(2089858483,0ecaa5967403d082aa24f35e1b516d23) Generated GUIDs only implemented for interfaces!
 -> (artifact id: '13f8bdb0e7b5735d39369537970f63ff') in 0.120499 seconds
Number of updated asset objects reloaded before import = 0
Number of asset objects unloaded after import = 21
========================================================================
Received Import Request.
  Time since last request: 0.000025 seconds.
  path: Assets/JMO Assets/WarFX/_Effects/Bullet Impacts/+ Bullet Hole/Unlit/WFX_BImpact Concrete + Hole Unlit.prefab
  artifactKey: Guid(94a130fb17f1cae4388a8fe1d8bd3055) Importer(2089858483,0ecaa5967403d082aa24f35e1b516d23)
Start importing Assets/JMO Assets/WarFX/_Effects/Bullet Impacts/+ Bullet Hole/Unlit/WFX_BImpact Concrete + Hole Unlit.prefab using Guid(94a130fb17f1cae4388a8fe1d8bd3055) Importer(2089858483,0ecaa5967403d082aa24f35e1b516d23) Generated GUIDs only implemented for interfaces!
 -> (artifact id: '04c8d215369f5a8415729b1bcf4c241f') in 0.109432 seconds
Number of updated asset objects reloaded before import = 0
Number of asset objects unloaded after import = 21
========================================================================
Received Import Request.
  Time since last request: 0.000023 seconds.
  path: Assets/JMO Assets/WarFX/_Effects/Bullet Impacts/+ Bullet Hole/Lit/WFX_BImpact Wood NoCollision + Hole Lit.prefab
  artifactKey: Guid(bdeb2a4220cd3cd4eacabbd5ed08f62c) Importer(2089858483,0ecaa5967403d082aa24f35e1b516d23)
Start importing Assets/JMO Assets/WarFX/_Effects/Bullet Impacts/+ Bullet Hole/Lit/WFX_BImpact Wood NoCollision + Hole Lit.prefab using Guid(bdeb2a4220cd3cd4eacabbd5ed08f62c) Importer(2089858483,0ecaa5967403d082aa24f35e1b516d23) Generated GUIDs only implemented for interfaces!
 -> (artifact id: '76bc32b4f7e072c5e6384d12842c1491') in 0.110073 seconds
Number of updated asset objects reloaded before import = 0
Number of asset objects unloaded after import = 21
========================================================================
Received Import Request.
  Time since last request: 0.000046 seconds.
  path: Assets/JMO Assets/WarFX/_Effects (Mobile)/Bullet Impacts/+ Bullet Hole/Unlit/WFXMR_BImpact Concrete NoCollision + Hole Unlit.prefab
  artifactKey: Guid(2b4ffdf4a64f87d4ca3c0de925e6d343) Importer(2089858483,0ecaa5967403d082aa24f35e1b516d23)
Start importing Assets/JMO Assets/WarFX/_Effects (Mobile)/Bullet Impacts/+ Bullet Hole/Unlit/WFXMR_BImpact Concrete NoCollision + Hole Unlit.prefab using Guid(2b4ffdf4a64f87d4ca3c0de925e6d343) Importer(2089858483,0ecaa5967403d082aa24f35e1b516d23) Generated GUIDs only implemented for interfaces!
 -> (artifact id: '2cebd52243ea9278c7bb78c7ea0a4656') in 0.127895 seconds
Number of updated asset objects reloaded before import = 0
Number of asset objects unloaded after import = 21
========================================================================
Received Import Request.
  Time since last request: 0.000026 seconds.
  path: Assets/JMO Assets/WarFX/_Effects/Bullet Impacts/+ Bullet Hole/Unlit/WFX_BImpact Wood NoCollision + Hole Unlit.prefab
  artifactKey: Guid(9bdf482976052a647946e8159033a295) Importer(2089858483,0ecaa5967403d082aa24f35e1b516d23)
Start importing Assets/JMO Assets/WarFX/_Effects/Bullet Impacts/+ Bullet Hole/Unlit/WFX_BImpact Wood NoCollision + Hole Unlit.prefab using Guid(9bdf482976052a647946e8159033a295) Importer(2089858483,0ecaa5967403d082aa24f35e1b516d23) Generated GUIDs only implemented for interfaces!
 -> (artifact id: 'c5b59dedfcc8cf6b1e75cd005f897b5c') in 0.117883 seconds
Number of updated asset objects reloaded before import = 0
Number of asset objects unloaded after import = 21
========================================================================
Received Import Request.
  Time since last request: 0.000029 seconds.
  path: Assets/JMO Assets/WarFX/_Effects/Bullet Impacts/+ Bullet Hole/Lit/WFX_BImpact Concrete + Hole Lit.prefab
  artifactKey: Guid(9e95c7b2183a4f345aaf86846f8f1918) Importer(2089858483,0ecaa5967403d082aa24f35e1b516d23)
Start importing Assets/JMO Assets/WarFX/_Effects/Bullet Impacts/+ Bullet Hole/Lit/WFX_BImpact Concrete + Hole Lit.prefab using Guid(9e95c7b2183a4f345aaf86846f8f1918) Importer(2089858483,0ecaa5967403d082aa24f35e1b516d23) Generated GUIDs only implemented for interfaces!
 -> (artifact id: 'cd875abfd9cdd54fb1a9aeaaa1555d6b') in 0.113991 seconds
Number of updated asset objects reloaded before import = 0
Number of asset objects unloaded after import = 21
========================================================================
Received Import Request.
  Time since last request: 0.000043 seconds.
  path: Assets/Simple Airplane Controller/Sounds/Jet engine.wav
  artifactKey: Guid(c16f14a97af643a47a1d97c8bf788ef2) Importer(2089858483,0ecaa5967403d082aa24f35e1b516d23)
Start importing Assets/Simple Airplane Controller/Sounds/Jet engine.wav using Guid(c16f14a97af643a47a1d97c8bf788ef2) Importer(2089858483,0ecaa5967403d082aa24f35e1b516d23) Generated GUIDs only implemented for interfaces!
 -> (artifact id: '33fbdccad8e98dfcbae02eff1f514328') in 0.100447 seconds
Number of updated asset objects reloaded before import = 0
Number of asset objects unloaded after import = 1
========================================================================
Received Import Request.
  Time since last request: 0.000035 seconds.
  path: Assets/JMO Assets/WarFX/Mobile/Materials/Smoke/WFXM_M_ExplosiveSmoke.mat
  artifactKey: Guid(de58791328b0aa24fbc546436e2ab448) Importer(2089858483,0ecaa5967403d082aa24f35e1b516d23)
Start importing Assets/JMO Assets/WarFX/Mobile/Materials/Smoke/WFXM_M_ExplosiveSmoke.mat using Guid(de58791328b0aa24fbc546436e2ab448) Importer(2089858483,0ecaa5967403d082aa24f35e1b516d23) Generated GUIDs only implemented for interfaces!
 -> (artifact id: '735190c253f207cbf38383bb2055de72') in 0.031155 seconds
Number of updated asset objects reloaded before import = 0
Number of asset objects unloaded after import = 2
========================================================================
Received Import Request.
  Time since last request: 0.000044 seconds.
  path: Assets/JMO Assets/WarFX/_Effects/MuzzleFlashes/FPS/WFX_MF FPS RIFLE2.prefab
  artifactKey: Guid(03a4a1935a9f4454c861dfa0aa6df562) Importer(2089858483,0ecaa5967403d082aa24f35e1b516d23)
Start importing Assets/JMO Assets/WarFX/_Effects/MuzzleFlashes/FPS/WFX_MF FPS RIFLE2.prefab using Guid(03a4a1935a9f4454c861dfa0aa6df562) Importer(2089858483,0ecaa5967403d082aa24f35e1b516d23) Generated GUIDs only implemented for interfaces!
 -> (artifact id: '17afc16d3a7f55fdd577363c7d165478') in 0.114021 seconds
Number of updated asset objects reloaded before import = 0
Number of asset objects unloaded after import = 19
========================================================================
Received Import Request.
  Time since last request: 0.000028 seconds.
  path: Assets/JMO Assets/WarFX/Mesh/icosphere.fbx
  artifactKey: Guid(30b0c87680e76604a959637052b5e8ac) Importer(2089858483,0ecaa5967403d082aa24f35e1b516d23)
Start importing Assets/JMO Assets/WarFX/Mesh/icosphere.fbx using Guid(30b0c87680e76604a959637052b5e8ac) Importer(2089858483,0ecaa5967403d082aa24f35e1b516d23) Generated GUIDs only implemented for interfaces!
 -> (artifact id: 'e1d8349f76a727276135948170257b24') in 0.066305 seconds
Number of updated asset objects reloaded before import = 0
Number of asset objects unloaded after import = 8
========================================================================
Received Import Request.
  Time since last request: 0.000039 seconds.
  path: Assets/JMO Assets/WarFX/Desktop/Materials/Misc/WFX_M_StretchPalet.mat
  artifactKey: Guid(b0c7cf51d3fecb446ab93bf854419715) Importer(2089858483,0ecaa5967403d082aa24f35e1b516d23)
Start importing Assets/JMO Assets/WarFX/Desktop/Materials/Misc/WFX_M_StretchPalet.mat using Guid(b0c7cf51d3fecb446ab93bf854419715) Importer(2089858483,0ecaa5967403d082aa24f35e1b516d23) Generated GUIDs only implemented for interfaces!
 -> (artifact id: '6f156ef3ebb8c9bcf973244a49f8e728') in 0.026161 seconds
Number of updated asset objects reloaded before import = 0
Number of asset objects unloaded after import = 2
========================================================================
Received Import Request.
  Time since last request: 0.000098 seconds.
  path: Assets/JMO Assets/WarFX/Desktop/Materials/Smoke/WFX_M_SmokeScroll Add.mat
  artifactKey: Guid(08860f5a2ea791b418ad49e30b240d79) Importer(2089858483,0ecaa5967403d082aa24f35e1b516d23)
Start importing Assets/JMO Assets/WarFX/Desktop/Materials/Smoke/WFX_M_SmokeScroll Add.mat using Guid(08860f5a2ea791b418ad49e30b240d79) Importer(2089858483,0ecaa5967403d082aa24f35e1b516d23) Generated GUIDs only implemented for interfaces!
 -> (artifact id: 'bd06651591a9efc0b90a520b8914ed29') in 0.032150 seconds
Number of updated asset objects reloaded before import = 0
Number of asset objects unloaded after import = 2
========================================================================
Received Import Request.
  Time since last request: 0.000069 seconds.
  path: Assets/JMO Assets/WarFX/Desktop/Materials/Smoke/WFX_M_Smoke SoftMult.mat
  artifactKey: Guid(eb2412df5134fe749b8468bef9340100) Importer(2089858483,0ecaa5967403d082aa24f35e1b516d23)
Start importing Assets/JMO Assets/WarFX/Desktop/Materials/Smoke/WFX_M_Smoke SoftMult.mat using Guid(eb2412df5134fe749b8468bef9340100) Importer(2089858483,0ecaa5967403d082aa24f35e1b516d23) Generated GUIDs only implemented for interfaces!
 -> (artifact id: '07112f3907df5420d76b8ead74a4fade') in 0.027662 seconds
Number of updated asset objects reloaded before import = 0
Number of asset objects unloaded after import = 2
========================================================================
Received Import Request.
  Time since last request: 0.000037 seconds.
  path: Assets/JMO Assets/WarFX/Desktop/Materials/Smoke/WFX_M_SmokeScroll SoftMult.mat
  artifactKey: Guid(7cd0317a189d24e488c96376bf32b9e1) Importer(2089858483,0ecaa5967403d082aa24f35e1b516d23)
Start importing Assets/JMO Assets/WarFX/Desktop/Materials/Smoke/WFX_M_SmokeScroll SoftMult.mat using Guid(7cd0317a189d24e488c96376bf32b9e1) Importer(2089858483,0ecaa5967403d082aa24f35e1b516d23) Generated GUIDs only implemented for interfaces!
 -> (artifact id: 'bf23a3e5d942ce52e1e08ceda441af77') in 0.030398 seconds
Number of updated asset objects reloaded before import = 0
Number of asset objects unloaded after import = 2
========================================================================
Received Import Request.
  Time since last request: 0.000057 seconds.
  path: Assets/JMO Assets/WarFX/Mobile/Materials/Misc/WFXM_M_GlowCircle Add.mat
  artifactKey: Guid(3849731f87957fe4ca8e47a1c235c5a2) Importer(2089858483,0ecaa5967403d082aa24f35e1b516d23)
Start importing Assets/JMO Assets/WarFX/Mobile/Materials/Misc/WFXM_M_GlowCircle Add.mat using Guid(3849731f87957fe4ca8e47a1c235c5a2) Importer(2089858483,0ecaa5967403d082aa24f35e1b516d23) Generated GUIDs only implemented for interfaces!
 -> (artifact id: '9250d492ed722db7f92056f522d5b7fa') in 0.026264 seconds
Number of updated asset objects reloaded before import = 0
Number of asset objects unloaded after import = 2
========================================================================
Received Import Request.
  Time since last request: 0.000025 seconds.
  path: Assets/JMO Assets/WarFX/Mobile/Materials/Bullet Holes/WFXM_BulletHole Wood Lighted.mat
  artifactKey: Guid(22e274cec6ea8674cb2d4015a3fe1770) Importer(2089858483,0ecaa5967403d082aa24f35e1b516d23)
Start importing Assets/JMO Assets/WarFX/Mobile/Materials/Bullet Holes/WFXM_BulletHole Wood Lighted.mat using Guid(22e274cec6ea8674cb2d4015a3fe1770) Importer(2089858483,0ecaa5967403d082aa24f35e1b516d23) Generated GUIDs only implemented for interfaces!
 -> (artifact id: '6c15a70f1a6ebf3a58bf2eac4998c9f1') in 0.032950 seconds
Number of updated asset objects reloaded before import = 0
Number of asset objects unloaded after import = 2
========================================================================
Received Import Request.
  Time since last request: 0.000026 seconds.
  path: Assets/JMO Assets/WarFX/Scripts/CFX_AutoDestructShuriken.cs
  artifactKey: Guid(6fd2e8874f60266498a388d7229a1bac) Importer(2089858483,0ecaa5967403d082aa24f35e1b516d23)
Start importing Assets/JMO Assets/WarFX/Scripts/CFX_AutoDestructShuriken.cs using Guid(6fd2e8874f60266498a388d7229a1bac) Importer(2089858483,0ecaa5967403d082aa24f35e1b516d23) Generated GUIDs only implemented for interfaces!
 -> (artifact id: '88459a12484abde664244d63fdc17db3') in 0.017052 seconds
Number of updated asset objects reloaded before import = 0
Number of asset objects unloaded after import = 1
========================================================================
Received Import Request.
  Time since last request: 0.000084 seconds.
  path: Assets/JMO Assets/WarFX/Desktop/Materials/MuzzleFlashes/WFX_M_MF FrontRear RIFLE2.mat
  artifactKey: Guid(d61182d659337f54bae37a7490b24eb6) Importer(2089858483,0ecaa5967403d082aa24f35e1b516d23)
Start importing Assets/JMO Assets/WarFX/Desktop/Materials/MuzzleFlashes/WFX_M_MF FrontRear RIFLE2.mat using Guid(d61182d659337f54bae37a7490b24eb6) Importer(2089858483,0ecaa5967403d082aa24f35e1b516d23) Generated GUIDs only implemented for interfaces!
 -> (artifact id: 'b04aac7bc0844dd27e377908f217d49b') in 0.029024 seconds
Number of updated asset objects reloaded before import = 0
Number of asset objects unloaded after import = 2
========================================================================
Received Import Request.
  Time since last request: 0.000025 seconds.
  path: Assets/JMO Assets/WarFX/Mobile/Materials/Bullet Holes/WFXM_BulletHole Generic Sand.mat
  artifactKey: Guid(d9647b2b4e5345043b393555fd1dd336) Importer(2089858483,0ecaa5967403d082aa24f35e1b516d23)
Start importing Assets/JMO Assets/WarFX/Mobile/Materials/Bullet Holes/WFXM_BulletHole Generic Sand.mat using Guid(d9647b2b4e5345043b393555fd1dd336) Importer(2089858483,0ecaa5967403d082aa24f35e1b516d23) Generated GUIDs only implemented for interfaces!
 -> (artifact id: '235df46c9905e4d9d0fe734cd53d2758') in 0.027041 seconds
Number of updated asset objects reloaded before import = 0
Number of asset objects unloaded after import = 2
========================================================================
Received Import Request.
  Time since last request: 0.000040 seconds.
  path: Assets/JMO Assets/WarFX/_Effects (Mobile)/Fire/No Smoke/WFXMR_GazFireBig (No Smoke).prefab
  artifactKey: Guid(f5f4774c5dade3f42aa77b7966ea95c8) Importer(2089858483,0ecaa5967403d082aa24f35e1b516d23)
Start importing Assets/JMO Assets/WarFX/_Effects (Mobile)/Fire/No Smoke/WFXMR_GazFireBig (No Smoke).prefab using Guid(f5f4774c5dade3f42aa77b7966ea95c8) Importer(2089858483,0ecaa5967403d082aa24f35e1b516d23) Generated GUIDs only implemented for interfaces!
 -> (artifact id: 'f9bf7b857e70724178421c6d48265019') in 0.113752 seconds
Number of updated asset objects reloaded before import = 0
Number of asset objects unloaded after import = 11
========================================================================
Received Import Request.
  Time since last request: 0.000022 seconds.
  path: Assets/JMO Assets/WarFX/Mesh/Plane1x1.FBX
  artifactKey: Guid(9d0862121c112ec4abc229920df08581) Importer(2089858483,0ecaa5967403d082aa24f35e1b516d23)
Start importing Assets/JMO Assets/WarFX/Mesh/Plane1x1.FBX using Guid(9d0862121c112ec4abc229920df08581) Importer(2089858483,0ecaa5967403d082aa24f35e1b516d23) Generated GUIDs only implemented for interfaces!
 -> (artifact id: '8935883beaeefa90e42905adb6600404') in 0.034971 seconds
Number of updated asset objects reloaded before import = 0
Number of asset objects unloaded after import = 8
========================================================================
Received Import Request.
  Time since last request: 0.000030 seconds.
  path: Assets/Simple Airplane Controller/Prefabs/Props/Cliff_3.002.prefab
  artifactKey: Guid(25e0f583f5df8aa458bb5d88de2615b6) Importer(2089858483,0ecaa5967403d082aa24f35e1b516d23)
Start importing Assets/Simple Airplane Controller/Prefabs/Props/Cliff_3.002.prefab using Guid(25e0f583f5df8aa458bb5d88de2615b6) Importer(2089858483,0ecaa5967403d082aa24f35e1b516d23) Generated GUIDs only implemented for interfaces!
 -> (artifact id: 'f2598d602fc88183ded4f4f4df019be2') in 0.026467 seconds
Number of updated asset objects reloaded before import = 0
Number of asset objects unloaded after import = 10
========================================================================
Received Import Request.
  Time since last request: 0.000028 seconds.
  path: Assets/JMO Assets/WarFX/_Effects/Explosions/WFX_Explosion LandMine.prefab
  artifactKey: Guid(6890a03af913b874092fbb1e8337747d) Importer(2089858483,0ecaa5967403d082aa24f35e1b516d23)
Start importing Assets/JMO Assets/WarFX/_Effects/Explosions/WFX_Explosion LandMine.prefab using Guid(6890a03af913b874092fbb1e8337747d) Importer(2089858483,0ecaa5967403d082aa24f35e1b516d23) Generated GUIDs only implemented for interfaces!
 -> (artifact id: 'c069b50039191a4273337cb292e39b5b') in 0.112202 seconds
Number of updated asset objects reloaded before import = 0
Number of asset objects unloaded after import = 35
========================================================================
Received Import Request.
  Time since last request: 0.000024 seconds.
  path: Assets/JMO Assets/WarFX/Desktop/Materials/Misc/WFX_M_SmallDots Add.mat
  artifactKey: Guid(e4f85b2e68822a041b8df56db88fbd27) Importer(2089858483,0ecaa5967403d082aa24f35e1b516d23)
Start importing Assets/JMO Assets/WarFX/Desktop/Materials/Misc/WFX_M_SmallDots Add.mat using Guid(e4f85b2e68822a041b8df56db88fbd27) Importer(2089858483,0ecaa5967403d082aa24f35e1b516d23) Generated GUIDs only implemented for interfaces!
 -> (artifact id: '1098e4e6b2c260332ee94abe0e014af5') in 0.027461 seconds
Number of updated asset objects reloaded before import = 0
Number of asset objects unloaded after import = 2
========================================================================
Received Import Request.
  Time since last request: 0.000037 seconds.
  path: Assets/JMO Assets/WarFX/Shaders/WFX_S Particle AddSoft A8.shader
  artifactKey: Guid(7da55032bc1723749a4a351ea0d98969) Importer(2089858483,0ecaa5967403d082aa24f35e1b516d23)
Start importing Assets/JMO Assets/WarFX/Shaders/WFX_S Particle AddSoft A8.shader using Guid(7da55032bc1723749a4a351ea0d98969) Importer(2089858483,0ecaa5967403d082aa24f35e1b516d23) Generated GUIDs only implemented for interfaces!
 -> (artifact id: '15bbca3753346be020ec94b848e3ac41') in 0.030488 seconds
Number of updated asset objects reloaded before import = 0
Number of asset objects unloaded after import = 1
========================================================================
Received Import Request.
  Time since last request: 0.000099 seconds.
  path: Assets/JMO Assets/WarFX/_Effects (Mobile)/Explosions/WFXMR_ExplosiveSmoke Small.prefab
  artifactKey: Guid(42f257b24c959a44794a35d032e9da12) Importer(2089858483,0ecaa5967403d082aa24f35e1b516d23)
Start importing Assets/JMO Assets/WarFX/_Effects (Mobile)/Explosions/WFXMR_ExplosiveSmoke Small.prefab using Guid(42f257b24c959a44794a35d032e9da12) Importer(2089858483,0ecaa5967403d082aa24f35e1b516d23) Generated GUIDs only implemented for interfaces!
 -> (artifact id: 'f9d274d6df88734f8bed0c9ad272f0d7') in 0.104817 seconds
Number of updated asset objects reloaded before import = 0
Number of asset objects unloaded after import = 27
========================================================================
Received Prepare
Shader 'WFX/Transparent Specular': fallback shader 'Particles/Alpha Blended' not found
Shader 'WFX/Transparent Diffuse': fallback shader 'Particles/Alpha Blended' not found
Refreshing native plugins compatible for Editor in 5.15 ms, found 3 plugins.
Preloading 0 native plugins for Editor in 0.00 ms.
Unloading 1 Unused Serialized files (Serialized files now loaded: 0)
Unloading 2 unused Assets / (74.2 KB). Loaded Objects now: 3784.
Memory consumption went from 86.1 MB to 86.1 MB.
Total: 4.464100 ms (FindLiveObjects: 0.293300 ms CreateObjectMapping: 0.097700 ms MarkObjects: 4.006200 ms  DeleteObjects: 0.065400 ms)

Prepare: number of updated asset objects reloaded= 0
AssetImportParameters requested are different than current active one (requested -> active):
  custom:container-demuxer-ogg: 62fdf1f143b41e24485cea50d1cbac27 -> 
  custom:video-decoder-ogg-theora: a1e56fd34408186e4bbccfd4996cb3dc -> 
  custom:framework-win-MediaFoundation: 216162199b28c13a410421893ffa2e32 -> 
  custom:CustomObjectIndexerAttribute: 756ad292c208cfabdd7b50bc23989ffe -> 
  custom:container-demuxer-webm: 4f35f7cbe854078d1ac9338744f61a02 -> 
  custom:container-muxer-webm: aa71ff27fc2769a1b78a27578f13a17b -> 
  custom:video-decoder-webm-vp8: 9c59270c3fd7afecdb556c50c9e8de78 -> 
  custom:SearchIndexIgnoredProperties: e643bd26f0fe6173181afceb89e7c659 -> 
  custom:AudioImporter_EditorPlatform: d09bf68614088b80899f8185d706f6e7 -> 
  custom:video-encoder-webm-vp8: eb34c28f22e8b96e1ab97ce403110664 -> 
  custom:audio-decoder-ogg-vorbis: bf7c407c2cedff20999df2af8eb42d56 -> 
  custom:audio-encoder-webm-vorbis: bf7c407c2cedff20999df2af8eb42d56 -> 
========================================================================
Received Import Request.
  Time since last request: 59.551351 seconds.
  path: Assets/TextMesh Pro/Resources/Fonts & Materials/LiberationSans SDF - Fallback.asset
  artifactKey: Guid(2e498d1c8094910479dc3e1b768306a4) Importer(2089858483,0ecaa5967403d082aa24f35e1b516d23)
Start importing Assets/TextMesh Pro/Resources/Fonts & Materials/LiberationSans SDF - Fallback.asset using Guid(2e498d1c8094910479dc3e1b768306a4) Importer(2089858483,0ecaa5967403d082aa24f35e1b516d23) Generated GUIDs only implemented for interfaces!
 -> (artifact id: '1851004931b8edfd31349cf72ff76478') in 0.047305 seconds
Number of updated asset objects reloaded before import = 0
Number of asset objects unloaded after import = 5
